#-----------------------------------------------------------
# Vivado v2018.3 (64-bit)
# SW Build 2405991 on Thu Dec  6 23:38:27 MST 2018
# IP Build 2404404 on Fri Dec  7 01:43:56 MST 2018
# Start of session at: Sat Jun 12 14:53:22 2021
# Process ID: 1772
# Current directory: C:/Users/lab1/Desktop/175654/project_3
# Command line: vivado.exe -gui_launcher_event rodinguilauncherevent8740 C:\Users\lab1\Desktop\175654\project_3\project_3.xpr
# Log file: C:/Users/lab1/Desktop/175654/project_3/vivado.log
# Journal file: C:/Users/lab1/Desktop/175654/project_3\vivado.jou
#-----------------------------------------------------------
start_gui
open_project C:/Users/lab1/Desktop/175654/project_3/project_3.xpr
INFO: [Project 1-313] Project file moved from 'C:/Users/lab1/Desktop/New folder2/project_3' since last save.
Scanning sources...
Finished scanning sources
INFO: [IP_Flow 19-234] Refreshing IP repositories
INFO: [IP_Flow 19-1704] No user IP repositories specified
INFO: [IP_Flow 19-2313] Loaded Vivado IP repository 'C:/Xilinx/Vivado/2018.3/data/ip'.
open_project: Time (s): cpu = 00:00:10 ; elapsed = 00:00:06 . Memory (MB): peak = 821.848 ; gain = 229.719
update_compile_order -fileset sources_1
reset_run synth_1
launch_runs synth_1 -jobs 3
[Sat Jun 12 14:53:59 2021] Launched synth_1...
Run output will be captured here: C:/Users/lab1/Desktop/175654/project_3/project_3.runs/synth_1/runme.log
launch_runs impl_1 -jobs 3
[Sat Jun 12 14:54:37 2021] Launched impl_1...
Run output will be captured here: C:/Users/lab1/Desktop/175654/project_3/project_3.runs/impl_1/runme.log
launch_runs impl_1 -to_step write_bitstream -jobs 3
[Sat Jun 12 14:55:54 2021] Launched impl_1...
Run output will be captured here: C:/Users/lab1/Desktop/175654/project_3/project_3.runs/impl_1/runme.log
exit
INFO: [Common 17-206] Exiting Vivado at Sat Jun 12 14:56:47 2021...
